<?xml version="1.0" encoding="UTF-8"?>
<!-- Generated by org.testng.reporters.JUnitReportReporter -->
<testsuite hostname="AGLGGNLAP0234" failures="0" tests="1" name="com.test.LQS.urlLaunch" time="5.960" errors="0" timestamp="17 Jan 2019 07:26:34 GMT" skipped="0">
  <testcase classname="com.test.LQS.urlLaunch" name="test_url" time="5.960"/>
</testsuite> <!-- com.test.LQS.urlLaunch -->
